<?xml version="1.0" encoding="UTF-8"?>
<testng-results ignored="0" total="1" passed="1" failed="0" skipped="0">
  <reporter-output>
  </reporter-output>
  <suite started-at="2021-07-28T17:44:07 IST" name="Default suite" finished-at="2021-07-28T17:44:14 IST" duration-ms="7936">
    <groups>
    </groups>
    <test started-at="2021-07-28T17:44:07 IST" name="Default test" finished-at="2021-07-28T17:44:14 IST" duration-ms="7936">
      <class name="Functions.Pagefunction">
        <test-method signature="f()[pri:0, instance:Functions.Pagefunction@6f27a732]" started-at="2021-07-28T17:44:07 IST" name="f" finished-at="2021-07-28T17:44:14 IST" duration-ms="7909" status="PASS">
          <reporter-output>
          </reporter-output>
        </test-method> <!-- f -->
      </class> <!-- Functions.Pagefunction -->
    </test> <!-- Default test -->
  </suite> <!-- Default suite -->
</testng-results>
